Tried aggregator 3 times.
MIP Presolve eliminated 6423 rows and 7013 columns.
Aggregator did 17256 substitutions.
Reduced MIP has 7828 rows, 19757 columns, and 39514 nonzeros.
Reduced MIP has 52 binaries, 0 generals, 0 SOSs, and 0 indicators.
Presolve time = 0.32 sec. (216.08 ticks)
Probing fixed 0 vars, tightened 543 bounds.
Probing time = 0.02 sec. (4.44 ticks)
Tried aggregator 2 times.
MIP Presolve eliminated 0 rows and 1 columns.
Aggregator did 1 substitutions.
Reduced MIP has 7827 rows, 19755 columns, and 39510 nonzeros.
Reduced MIP has 52 binaries, 0 generals, 0 SOSs, and 0 indicators.
Presolve time = 0.04 sec. (22.32 ticks)
Probing time = 0.01 sec. (2.86 ticks)
Clique table members: 5.
MIP emphasis: balance optimality and feasibility.
MIP search method: dynamic search.
Parallel mode: deterministic, using up to 12 threads.
Root relaxation solution time = 0.07 sec. (43.38 ticks)

        Nodes                                         Cuts/
   Node  Left     Objective  IInf  Best Integer    Best Bound    ItCnt     Gap

      0     0       17.2500    19                     17.2500       47         
*     0+    0                           28.4500       17.2500       47   39.37%
*     0+    0                           25.4000       17.2500      961   32.09%
      0     0       19.6500    15       25.4000     Fract: 14      961   13.58%
      0     0       22.2700    11       25.4000      Cuts: 10     1945   10.43%
      0     2       22.2700    11       25.4000       23.1500     1945    8.86%
Elapsed time = 3.86 sec. (2747.64 ticks, tree = 0.01 MB, solutions = 2)
      9     9       23.1886    14       25.4000       23.1500     2599    8.86%
     21    17       24.8075     9       25.4000       23.1500     3766    8.86%
     39    20       24.2500     6       25.4000       23.1500     5135    8.86%
*   123    32      integral     0       25.3500       23.1500    10035    8.68%
    178    24       24.4750     6       25.3500       23.1500    11631    8.68%

Lift and project cuts applied:  2
Gomory fractional cuts applied:  23

Root node processing (before b&c):
  Real time             =    3.82 sec. (2733.44 ticks)
Parallel b&c, 12 threads:
  Real time             =    1.48 sec. (1295.82 ticks)
  Sync time (average)   =    0.00 sec.
  Wait time (average)   =    0.00 sec.
                          ------------
Total (root+branch&cut) =    5.30 sec. (4029.25 ticks)

Solution status = 101
Solution value  = 25.350000

Optimal obj value: 25.35
Iteration log . . .
Iteration:     0   Infeasibility     =            10.000000 (10)
Iteration: 10000   Infeasibility     =            10.000000 (10)
Iteration: 20000   Infeasibility     =            10.000000 (10)
Iteration: 30000   Infeasibility     =            10.000000 (10)

Iteration log . . .
Iteration:     0   Infeasibility     =            10.000000 (10)
Iteration: 10000   Infeasibility     =             4.000000 (11.5504)
Iteration: 20000   Infeasibility     =             4.000000 (11.5504)
Iteration: 30000   Infeasibility     =             4.000000 (11.5504)

Iteration log . . .
Iteration:     0   Infeasibility     =            10.000000 (10)
Iteration: 10000   Infeasibility     =             5.800000 (9.75013)
Iteration: 20000   Infeasibility     =             1.600000 (14.8502)
Iteration: 30000   Infeasibility     =             0.800000 (17.6003)

Iteration log . . .
Iteration:     0   Infeasibility     =            10.000000 (10)
Iteration: 10000   Infeasibility     =             7.000000 (8.5001)
Iteration: 20000   Objective         =            20.100000
Iteration: 30000   Objective         =            20.100000

Tried aggregator 3 times.
MIP Presolve eliminated 15129 rows and 15793 columns.
Aggregator did 12628 substitutions.
Reduced MIP has 3750 rows, 10790 columns, and 21580 nonzeros.
Reduced MIP has 24 binaries, 0 generals, 0 SOSs, and 0 indicators.
Presolve time = 0.29 sec. (173.38 ticks)
Probing time = 0.01 sec. (1.27 ticks)
Tried aggregator 2 times.
MIP Presolve eliminated 0 rows and 3 columns.
Aggregator did 3 substitutions.
Reduced MIP has 3747 rows, 10784 columns, and 21568 nonzeros.
Reduced MIP has 24 binaries, 0 generals, 0 SOSs, and 0 indicators.
Presolve time = 0.02 sec. (12.08 ticks)
Probing time = 0.01 sec. (1.04 ticks)
Clique table members: 4.
MIP emphasis: balance optimality and feasibility.
MIP search method: dynamic search.
Parallel mode: deterministic, using up to 12 threads.
Root relaxation solution time = 0.02 sec. (19.51 ticks)

        Nodes                                         Cuts/
   Node  Left     Objective  IInf  Best Integer    Best Bound    ItCnt     Gap

      0     0       22.4500    14                     22.4500       51         
*     0+    0                           32.2500       22.4500       51   30.39%
*     0+    0                           31.2500       22.4500      193   28.16%
      0     0        cutoff             31.2500       31.2500      193    0.00%
Elapsed time = 0.96 sec. (722.26 ticks, tree = 0.00 MB, solutions = 2)

Gomory fractional cuts applied:  11

Root node processing (before b&c):
  Real time             =    0.96 sec. (723.70 ticks)
Parallel b&c, 12 threads:
  Real time             =    0.00 sec. (0.00 ticks)
  Sync time (average)   =    0.00 sec.
  Wait time (average)   =    0.00 sec.
                          ------------
Total (root+branch&cut) =    0.96 sec. (723.70 ticks)

Solution status = 101
Solution value  = 31.250000

Iteration log . . .
Iteration:     0   Infeasibility     =            10.000000 (10)
Iteration: 10000   Infeasibility     =             9.200000 (9.60001)
Iteration: 20000   Infeasibility     =             3.400000 (9.55008)
Iteration: 30000   Objective         =            16.650000

Tried aggregator 3 times.
MIP Presolve eliminated 11215 rows and 11468 columns.
Aggregator did 14735 substitutions.
Reduced MIP has 5557 rows, 14935 columns, and 29870 nonzeros.
Reduced MIP has 32 binaries, 0 generals, 0 SOSs, and 0 indicators.
Presolve time = 0.21 sec. (147.11 ticks)
Probing fixed 0 vars, tightened 272 bounds.
Probing time = 0.01 sec. (2.15 ticks)
Tried aggregator 1 time.
Reduced MIP has 5557 rows, 14935 columns, and 29870 nonzeros.
Reduced MIP has 32 binaries, 0 generals, 0 SOSs, and 0 indicators.
Presolve time = 0.03 sec. (14.41 ticks)
Probing time = 0.01 sec. (1.34 ticks)
Clique table members: 4.
MIP emphasis: balance optimality and feasibility.
MIP search method: dynamic search.
Parallel mode: deterministic, using up to 12 threads.
Root relaxation solution time = 0.04 sec. (22.07 ticks)

        Nodes                                         Cuts/
   Node  Left     Objective  IInf  Best Integer    Best Bound    ItCnt     Gap

      0     0       17.7000    14                     17.7000       32         
*     0+    0                           27.7500       17.7000       32   36.22%
      0     0       21.0625    14       27.7500      Cuts: 15       68   24.10%
      0     0       24.0250    10       27.7500      Cuts: 13       96   13.42%
*     0+    0                           24.9500       24.0250       96    3.71%
      0     2       24.0250    10       24.9500       24.0250       96    3.71%
Elapsed time = 1.23 sec. (725.04 ticks, tree = 0.01 MB, solutions = 2)

Implied bound cuts applied:  2
Mixed integer rounding cuts applied:  8
Gomory fractional cuts applied:  17

Root node processing (before b&c):
  Real time             =    1.21 sec. (717.42 ticks)
Parallel b&c, 12 threads:
  Real time             =    0.24 sec. (157.20 ticks)
  Sync time (average)   =    0.00 sec.
  Wait time (average)   =    0.00 sec.
                          ------------
Total (root+branch&cut) =    1.44 sec. (874.63 ticks)

Solution status = 101
Solution value  = 24.950000

Iteration log . . .
Iteration:     0   Infeasibility     =            10.000000 (10)
Iteration: 10000   Infeasibility     =             9.200000 (9.60001)
Iteration: 20000   Infeasibility     =            -0.000000 (9.45014)
Iteration: 30000   Objective         =            16.850000

Tried aggregator 3 times.
MIP Presolve eliminated 12670 rows and 12697 columns.
Aggregator did 13734 substitutions.
Reduced MIP has 5103 rows, 13390 columns, and 26780 nonzeros.
Reduced MIP has 37 binaries, 0 generals, 0 SOSs, and 0 indicators.
Presolve time = 0.09 sec. (51.38 ticks)
Probing fixed 0 vars, tightened 398 bounds.
Probing time = 0.01 sec. (2.19 ticks)
Tried aggregator 1 time.
MIP Presolve eliminated 0 rows and 1 columns.
Reduced MIP has 5103 rows, 13389 columns, and 26778 nonzeros.
Reduced MIP has 37 binaries, 0 generals, 0 SOSs, and 0 indicators.
Presolve time = 0.03 sec. (13.49 ticks)
Probing time = 0.01 sec. (1.26 ticks)
Clique table members: 5.
MIP emphasis: balance optimality and feasibility.
MIP search method: dynamic search.
Parallel mode: deterministic, using up to 12 threads.
Root relaxation solution time = 0.03 sec. (20.65 ticks)

        Nodes                                         Cuts/
   Node  Left     Objective  IInf  Best Integer    Best Bound    ItCnt     Gap

      0     0       17.1000    15                     17.1000       33         
*     0+    0                           26.6500       17.1000       64   35.83%
      0     0       21.1000    16       26.6500     Fract: 14       64   20.83%
      0     0       23.2000    14       26.6500       Cuts: 9       91   12.95%
      0     0       23.2600    13       26.6500       Cuts: 8       96   12.72%
*     0+    0                           26.0000       23.2600       96   10.54%
*     0+    0                           25.8000       23.2600       96    9.84%
      0     2       23.2600    13       25.8000       23.2600       96    9.84%
Elapsed time = 1.18 sec. (714.54 ticks, tree = 0.01 MB, solutions = 3)
     76     9       25.7150     5       25.8000       24.2992     1418    5.82%
*   102+    3                           25.6500       24.2992     1704    5.27%

Implied bound cuts applied:  4
Flow cuts applied:  3
Lift and project cuts applied:  2
Gomory fractional cuts applied:  19

Root node processing (before b&c):
  Real time             =    1.16 sec. (708.16 ticks)
Parallel b&c, 12 threads:
  Real time             =    0.57 sec. (397.84 ticks)
  Sync time (average)   =    0.00 sec.
  Wait time (average)   =    0.00 sec.
                          ------------
Total (root+branch&cut) =    1.73 sec. (1106.00 ticks)

Solution status = 101
Solution value  = 25.650000

Iteration log . . .
Iteration:     0   Infeasibility     =            10.000000 (10)
Iteration: 10000   Infeasibility     =             9.200000 (9.60002)
Iteration: 20000   Infeasibility     =             0.000000 (8.45028)

Tried aggregator 3 times.
MIP Presolve eliminated 16475 rows and 16630 columns.
Aggregator did 12242 substitutions.
Reduced MIP has 2790 rows, 7178 columns, and 14356 nonzeros.
Reduced MIP has 25 binaries, 0 generals, 0 SOSs, and 0 indicators.
Presolve time = 0.13 sec. (94.84 ticks)
Probing fixed 0 vars, tightened 92 bounds.
Probing time = 0.01 sec. (0.92 ticks)
Tried aggregator 1 time.
Reduced MIP has 2790 rows, 7178 columns, and 14356 nonzeros.
Reduced MIP has 25 binaries, 0 generals, 0 SOSs, and 0 indicators.
Presolve time = 0.01 sec. (6.94 ticks)
Probing time = 0.01 sec. (0.66 ticks)
Clique table members: 5.
MIP emphasis: balance optimality and feasibility.
MIP search method: dynamic search.
Parallel mode: deterministic, using up to 12 threads.
Root relaxation solution time = 0.02 sec. (10.68 ticks)

        Nodes                                         Cuts/
   Node  Left     Objective  IInf  Best Integer    Best Bound    ItCnt     Gap

      0     0       18.6500    15                     18.6500       28         
*     0+    0                           30.3500       18.6500       28   38.55%
*     0+    0                           29.5000       18.6500       93   36.78%
      0     0       24.1807    14       29.5000     Fract: 12       93   18.03%
      0     0       26.2929    10       29.5000      Cuts: 11      165   10.87%
      0     0       26.5047    12       29.5000      Cuts: 11      208   10.15%
*     0+    0                           29.0500       26.5047      208    8.76%
      0     2       26.5047    12       29.0500       26.5047      208    8.76%
Elapsed time = 0.63 sec. (424.48 ticks, tree = 0.01 MB, solutions = 3)

Implied bound cuts applied:  5
Flow cuts applied:  3
Mixed integer rounding cuts applied:  7
Gomory fractional cuts applied:  17

Root node processing (before b&c):
  Real time             =    0.61 sec. (421.26 ticks)
Parallel b&c, 12 threads:
  Real time             =    0.27 sec. (163.64 ticks)
  Sync time (average)   =    0.00 sec.
  Wait time (average)   =    0.00 sec.
                          ------------
Total (root+branch&cut) =    0.88 sec. (584.90 ticks)

Solution status = 101
Solution value  = 29.050000

Iteration log . . .
Iteration:     0   Infeasibility     =            10.000000 (10)
Iteration: 10000   Infeasibility     =             6.800000 (13.1002)
Iteration: 20000   Infeasibility     =             1.400000 (11.4003)
Iteration: 30000   Infeasibility     =             0.700000 (10.1005)

Iteration log . . .
Iteration:     0   Infeasibility     =            10.000000 (10)
Iteration: 10000   Infeasibility     =             5.800000 (8.65024)
Iteration: 20000   Objective         =            17.400000
Iteration: 30000   Objective         =            17.400000

Row 'c16870' infeasible, all entries at implied bounds.
Presolve time = 0.05 sec. (24.42 ticks)
No MIP objective value available.  Exiting...

Root node processing (before b&c):
  Real time             =    0.05 sec. (27.20 ticks)
Parallel b&c, 12 threads:
  Real time             =    0.00 sec. (0.00 ticks)
  Sync time (average)   =    0.00 sec.
  Wait time (average)   =    0.00 sec.
                          ------------
Total (root+branch&cut) =    0.05 sec. (27.20 ticks)

Solution status = 103
CPLEX Error  1217: No solution exists.
Iteration log . . .
Iteration:     0   Infeasibility     =            10.000000 (10)
Iteration: 10000   Infeasibility     =             6.000000 (9.15094)
Iteration: 20000   Infeasibility     =             0.000000 (9.80197)

Row 'c10504' infeasible, all entries at implied bounds.
Presolve time = 0.04 sec. (20.55 ticks)
No MIP objective value available.  Exiting...

Root node processing (before b&c):
  Real time             =    0.04 sec. (23.23 ticks)
Parallel b&c, 12 threads:
  Real time             =    0.00 sec. (0.00 ticks)
  Sync time (average)   =    0.00 sec.
  Wait time (average)   =    0.00 sec.
                          ------------
Total (root+branch&cut) =    0.04 sec. (23.23 ticks)

Solution status = 103
CPLEX Error  1217: No solution exists.
Iteration log . . .
Iteration:     0   Infeasibility     =            10.000000 (10)
Iteration: 10000   Infeasibility     =             4.200000 (9.05155)
Iteration: 20000   Infeasibility     =             0.000000 (7.90267)

Bound infeasibility column 'x57'.
Presolve time = 0.04 sec. (16.48 ticks)
No MIP objective value available.  Exiting...

Root node processing (before b&c):
  Real time             =    0.04 sec. (19.15 ticks)
Parallel b&c, 12 threads:
  Real time             =    0.00 sec. (0.00 ticks)
  Sync time (average)   =    0.00 sec.
  Wait time (average)   =    0.00 sec.
                          ------------
Total (root+branch&cut) =    0.04 sec. (19.15 ticks)

Solution status = 103
CPLEX Error  1217: No solution exists.
Iteration log . . .
Iteration:     0   Infeasibility     =            10.000000 (10)
Iteration: 10000   Infeasibility     =             3.800000 (9.40337)
Iteration: 20000   Infeasibility     =             0.000000 (8.8541)

Infeasibility row 'c31505':  0  = 1.
Presolve time = 0.03 sec. (15.79 ticks)
No MIP objective value available.  Exiting...

Root node processing (before b&c):
  Real time             =    0.04 sec. (18.43 ticks)
Parallel b&c, 12 threads:
  Real time             =    0.00 sec. (0.00 ticks)
  Sync time (average)   =    0.00 sec.
  Wait time (average)   =    0.00 sec.
                          ------------
Total (root+branch&cut) =    0.04 sec. (18.43 ticks)

Solution status = 103
CPLEX Error  1217: No solution exists.
Iteration log . . .
Iteration:     0   Infeasibility     =            10.000000 (10)
Iteration: 10000   Infeasibility     =             3.400000 (9.55596)
Iteration: 20000   Infeasibility     =             0.000000 (9.60854)

Row 'c31507' infeasible, all entries at implied bounds.
Presolve time = 0.02 sec. (9.25 ticks)
No MIP objective value available.  Exiting...

Root node processing (before b&c):
  Real time             =    0.03 sec. (11.89 ticks)
Parallel b&c, 12 threads:
  Real time             =    0.00 sec. (0.00 ticks)
  Sync time (average)   =    0.00 sec.
  Wait time (average)   =    0.00 sec.
                          ------------
Total (root+branch&cut) =    0.03 sec. (11.89 ticks)

Solution status = 103
CPLEX Error  1217: No solution exists.
Iteration log . . .
Iteration:     0   Infeasibility     =            10.000000 (10)
Iteration: 10000   Infeasibility     =             3.600000 (8.9123)
Iteration: 20000   Infeasibility     =             0.000000 (9.16611)

Row 'c31507' infeasible, all entries at implied bounds.
Presolve time = 0.02 sec. (9.67 ticks)
No MIP objective value available.  Exiting...

Root node processing (before b&c):
  Real time             =    0.03 sec. (12.30 ticks)
Parallel b&c, 12 threads:
  Real time             =    0.00 sec. (0.00 ticks)
  Sync time (average)   =    0.00 sec.
  Wait time (average)   =    0.00 sec.
                          ------------
Total (root+branch&cut) =    0.03 sec. (12.30 ticks)

Solution status = 103
CPLEX Error  1217: No solution exists.
Iteration log . . .
Iteration:     0   Infeasibility     =            10.000000 (10)
Iteration: 10000   Infeasibility     =             4.000000 (9.15591)
Iteration: 20000   Infeasibility     =             0.000000 (8.70835)

Row 'c31507' infeasible, all entries at implied bounds.
Presolve time = 0.02 sec. (9.61 ticks)
No MIP objective value available.  Exiting...

Root node processing (before b&c):
  Real time             =    0.03 sec. (12.24 ticks)
Parallel b&c, 12 threads:
  Real time             =    0.00 sec. (0.00 ticks)
  Sync time (average)   =    0.00 sec.
  Wait time (average)   =    0.00 sec.
                          ------------
Total (root+branch&cut) =    0.03 sec. (12.24 ticks)

Solution status = 103
CPLEX Error  1217: No solution exists.
Heuristic obj value: 38.9
Naive obj value: 342.6
