The system is: Linux - 2.6.18-274.el5 - x86_64
Compiling the C compiler identification source file "CMakeCCompilerId.c" succeeded.
Compiler: /usr/bin/gcc 
Build flags: 
Id flags: 

The output was:
0


Compilation of the C compiler identification source "CMakeCCompilerId.c" produced "a.out"

The C compiler identification is GNU, found in "/home/yus08002/Codes/MobileSensingSim/build/CMakeFiles/CompilerIdC/a.out"

Compiling the CXX compiler identification source file "CMakeCXXCompilerId.cpp" succeeded.
Compiler: /usr/bin/c++ 
Build flags: 
Id flags: 

The output was:
0


Compilation of the CXX compiler identification source "CMakeCXXCompilerId.cpp" produced "a.out"

The CXX compiler identification is GNU, found in "/home/yus08002/Codes/MobileSensingSim/build/CMakeFiles/CompilerIdCXX/a.out"

Determining if the C compiler works passed with the following output:
Change Dir: /home/yus08002/Codes/MobileSensingSim/build/CMakeFiles/CMakeTmp

Run Build Command:/usr/bin/gmake "cmTryCompileExec2506383689/fast"
/usr/bin/gmake -f CMakeFiles/cmTryCompileExec2506383689.dir/build.make CMakeFiles/cmTryCompileExec2506383689.dir/build
gmake[1]: Entering directory `/home/yus08002/Codes/MobileSensingSim/build/CMakeFiles/CMakeTmp'
/gpfs/gpfs1/apps/cmake/2.8.8/bin/cmake -E cmake_progress_report /home/yus08002/Codes/MobileSensingSim/build/CMakeFiles/CMakeTmp/CMakeFiles 1
Building C object CMakeFiles/cmTryCompileExec2506383689.dir/testCCompiler.c.o
/usr/bin/gcc    -o CMakeFiles/cmTryCompileExec2506383689.dir/testCCompiler.c.o   -c /home/yus08002/Codes/MobileSensingSim/build/CMakeFiles/CMakeTmp/testCCompiler.c
Linking C executable cmTryCompileExec2506383689
/gpfs/gpfs1/apps/cmake/2.8.8/bin/cmake -E cmake_link_script CMakeFiles/cmTryCompileExec2506383689.dir/link.txt --verbose=1
/usr/bin/gcc         CMakeFiles/cmTryCompileExec2506383689.dir/testCCompiler.c.o  -o cmTryCompileExec2506383689 -rdynamic 
gmake[1]: Leaving directory `/home/yus08002/Codes/MobileSensingSim/build/CMakeFiles/CMakeTmp'


Detecting C compiler ABI info compiled with the following output:
Change Dir: /home/yus08002/Codes/MobileSensingSim/build/CMakeFiles/CMakeTmp

Run Build Command:/usr/bin/gmake "cmTryCompileExec536972998/fast"
/usr/bin/gmake -f CMakeFiles/cmTryCompileExec536972998.dir/build.make CMakeFiles/cmTryCompileExec536972998.dir/build
gmake[1]: Entering directory `/home/yus08002/Codes/MobileSensingSim/build/CMakeFiles/CMakeTmp'
/gpfs/gpfs1/apps/cmake/2.8.8/bin/cmake -E cmake_progress_report /home/yus08002/Codes/MobileSensingSim/build/CMakeFiles/CMakeTmp/CMakeFiles 1
Building C object CMakeFiles/cmTryCompileExec536972998.dir/CMakeCCompilerABI.c.o
/usr/bin/gcc    -o CMakeFiles/cmTryCompileExec536972998.dir/CMakeCCompilerABI.c.o   -c /gpfs/gpfs1/apps/cmake/2.8.8/share/cmake-2.8/Modules/CMakeCCompilerABI.c
Linking C executable cmTryCompileExec536972998
/gpfs/gpfs1/apps/cmake/2.8.8/bin/cmake -E cmake_link_script CMakeFiles/cmTryCompileExec536972998.dir/link.txt --verbose=1
/usr/bin/gcc       -v CMakeFiles/cmTryCompileExec536972998.dir/CMakeCCompilerABI.c.o  -o cmTryCompileExec536972998 -rdynamic  
Using built-in specs.
Target: x86_64-redhat-linux
Configured with: ../configure --prefix=/usr --mandir=/usr/share/man --infodir=/usr/share/info --enable-shared --enable-threads=posix --enable-checking=release --with-system-zlib --enable-__cxa_atexit --disable-libunwind-exceptions --enable-libgcj-multifile --enable-languages=c,c++,objc,obj-c++,java,fortran,ada --enable-java-awt=gtk --disable-dssi --disable-plugin --with-java-home=/usr/lib/jvm/java-1.4.2-gcj-1.4.2.0/jre --with-cpu=generic --host=x86_64-redhat-linux
Thread model: posix
gcc version 4.1.2 20080704 (Red Hat 4.1.2-54)
 /usr/libexec/gcc/x86_64-redhat-linux/4.1.2/collect2 --eh-frame-hdr -m elf_x86_64 --hash-style=gnu -export-dynamic -dynamic-linker /lib64/ld-linux-x86-64.so.2 -o cmTryCompileExec536972998 /usr/lib/gcc/x86_64-redhat-linux/4.1.2/../../../../lib64/crt1.o /usr/lib/gcc/x86_64-redhat-linux/4.1.2/../../../../lib64/crti.o /usr/lib/gcc/x86_64-redhat-linux/4.1.2/crtbegin.o -L/apps/gcc/4.7.1/lib/../lib64 -L/apps/gcc/4.7.1/lib64/../lib64 -L/usr/lib/gcc/x86_64-redhat-linux/4.1.2 -L/usr/lib/gcc/x86_64-redhat-linux/4.1.2 -L/usr/lib/gcc/x86_64-redhat-linux/4.1.2/../../../../lib64 -L/lib/../lib64 -L/usr/lib/../lib64 CMakeFiles/cmTryCompileExec536972998.dir/CMakeCCompilerABI.c.o -lgcc --as-needed -lgcc_s --no-as-needed -lc -lgcc --as-needed -lgcc_s --no-as-needed /usr/lib/gcc/x86_64-redhat-linux/4.1.2/crtend.o /usr/lib/gcc/x86_64-redhat-linux/4.1.2/../../../../lib64/crtn.o
gmake[1]: Leaving directory `/home/yus08002/Codes/MobileSensingSim/build/CMakeFiles/CMakeTmp'


Parsed C implicit link information from above output:
  link line regex: [^( *|.*[/\])(ld|ld|collect2)[^/\]*( |$)]
  ignore line: [Change Dir: /home/yus08002/Codes/MobileSensingSim/build/CMakeFiles/CMakeTmp]
  ignore line: []
  ignore line: [Run Build Command:/usr/bin/gmake "cmTryCompileExec536972998/fast"]
  ignore line: [/usr/bin/gmake -f CMakeFiles/cmTryCompileExec536972998.dir/build.make CMakeFiles/cmTryCompileExec536972998.dir/build]
  ignore line: [gmake[1]: Entering directory `/home/yus08002/Codes/MobileSensingSim/build/CMakeFiles/CMakeTmp']
  ignore line: [/gpfs/gpfs1/apps/cmake/2.8.8/bin/cmake -E cmake_progress_report /home/yus08002/Codes/MobileSensingSim/build/CMakeFiles/CMakeTmp/CMakeFiles 1]
  ignore line: [Building C object CMakeFiles/cmTryCompileExec536972998.dir/CMakeCCompilerABI.c.o]
  ignore line: [/usr/bin/gcc    -o CMakeFiles/cmTryCompileExec536972998.dir/CMakeCCompilerABI.c.o   -c /gpfs/gpfs1/apps/cmake/2.8.8/share/cmake-2.8/Modules/CMakeCCompilerABI.c]
  ignore line: [Linking C executable cmTryCompileExec536972998]
  ignore line: [/gpfs/gpfs1/apps/cmake/2.8.8/bin/cmake -E cmake_link_script CMakeFiles/cmTryCompileExec536972998.dir/link.txt --verbose=1]
  ignore line: [/usr/bin/gcc       -v CMakeFiles/cmTryCompileExec536972998.dir/CMakeCCompilerABI.c.o  -o cmTryCompileExec536972998 -rdynamic  ]
  ignore line: [Using built-in specs.]
  ignore line: [Target: x86_64-redhat-linux]
  ignore line: [Configured with: ../configure --prefix=/usr --mandir=/usr/share/man --infodir=/usr/share/info --enable-shared --enable-threads=posix --enable-checking=release --with-system-zlib --enable-__cxa_atexit --disable-libunwind-exceptions --enable-libgcj-multifile --enable-languages=c,c++,objc,obj-c++,java,fortran,ada --enable-java-awt=gtk --disable-dssi --disable-plugin --with-java-home=/usr/lib/jvm/java-1.4.2-gcj-1.4.2.0/jre --with-cpu=generic --host=x86_64-redhat-linux]
  ignore line: [Thread model: posix]
  ignore line: [gcc version 4.1.2 20080704 (Red Hat 4.1.2-54)]
  link line: [ /usr/libexec/gcc/x86_64-redhat-linux/4.1.2/collect2 --eh-frame-hdr -m elf_x86_64 --hash-style=gnu -export-dynamic -dynamic-linker /lib64/ld-linux-x86-64.so.2 -o cmTryCompileExec536972998 /usr/lib/gcc/x86_64-redhat-linux/4.1.2/../../../../lib64/crt1.o /usr/lib/gcc/x86_64-redhat-linux/4.1.2/../../../../lib64/crti.o /usr/lib/gcc/x86_64-redhat-linux/4.1.2/crtbegin.o -L/apps/gcc/4.7.1/lib/../lib64 -L/apps/gcc/4.7.1/lib64/../lib64 -L/usr/lib/gcc/x86_64-redhat-linux/4.1.2 -L/usr/lib/gcc/x86_64-redhat-linux/4.1.2 -L/usr/lib/gcc/x86_64-redhat-linux/4.1.2/../../../../lib64 -L/lib/../lib64 -L/usr/lib/../lib64 CMakeFiles/cmTryCompileExec536972998.dir/CMakeCCompilerABI.c.o -lgcc --as-needed -lgcc_s --no-as-needed -lc -lgcc --as-needed -lgcc_s --no-as-needed /usr/lib/gcc/x86_64-redhat-linux/4.1.2/crtend.o /usr/lib/gcc/x86_64-redhat-linux/4.1.2/../../../../lib64/crtn.o]
    arg [/usr/libexec/gcc/x86_64-redhat-linux/4.1.2/collect2] ==> ignore
    arg [--eh-frame-hdr] ==> ignore
    arg [-m] ==> ignore
    arg [elf_x86_64] ==> ignore
    arg [--hash-style=gnu] ==> ignore
    arg [-export-dynamic] ==> ignore
    arg [-dynamic-linker] ==> ignore
    arg [/lib64/ld-linux-x86-64.so.2] ==> ignore
    arg [-o] ==> ignore
    arg [cmTryCompileExec536972998] ==> ignore
    arg [/usr/lib/gcc/x86_64-redhat-linux/4.1.2/../../../../lib64/crt1.o] ==> ignore
    arg [/usr/lib/gcc/x86_64-redhat-linux/4.1.2/../../../../lib64/crti.o] ==> ignore
    arg [/usr/lib/gcc/x86_64-redhat-linux/4.1.2/crtbegin.o] ==> ignore
    arg [-L/apps/gcc/4.7.1/lib/../lib64] ==> dir [/apps/gcc/4.7.1/lib/../lib64]
    arg [-L/apps/gcc/4.7.1/lib64/../lib64] ==> dir [/apps/gcc/4.7.1/lib64/../lib64]
    arg [-L/usr/lib/gcc/x86_64-redhat-linux/4.1.2] ==> dir [/usr/lib/gcc/x86_64-redhat-linux/4.1.2]
    arg [-L/usr/lib/gcc/x86_64-redhat-linux/4.1.2] ==> dir [/usr/lib/gcc/x86_64-redhat-linux/4.1.2]
    arg [-L/usr/lib/gcc/x86_64-redhat-linux/4.1.2/../../../../lib64] ==> dir [/usr/lib/gcc/x86_64-redhat-linux/4.1.2/../../../../lib64]
    arg [-L/lib/../lib64] ==> dir [/lib/../lib64]
    arg [-L/usr/lib/../lib64] ==> dir [/usr/lib/../lib64]
    arg [CMakeFiles/cmTryCompileExec536972998.dir/CMakeCCompilerABI.c.o] ==> ignore
    arg [-lgcc] ==> lib [gcc]
    arg [--as-needed] ==> ignore
    arg [-lgcc_s] ==> lib [gcc_s]
    arg [--no-as-needed] ==> ignore
    arg [-lc] ==> lib [c]
    arg [-lgcc] ==> lib [gcc]
    arg [--as-needed] ==> ignore
    arg [-lgcc_s] ==> lib [gcc_s]
    arg [--no-as-needed] ==> ignore
    arg [/usr/lib/gcc/x86_64-redhat-linux/4.1.2/crtend.o] ==> ignore
    arg [/usr/lib/gcc/x86_64-redhat-linux/4.1.2/../../../../lib64/crtn.o] ==> ignore
  remove lib [gcc]
  remove lib [gcc_s]
  remove lib [gcc]
  remove lib [gcc_s]
  collapse dir [/apps/gcc/4.7.1/lib/../lib64] ==> [/apps/gcc/4.7.1/lib64]
  collapse dir [/apps/gcc/4.7.1/lib64/../lib64] ==> [/apps/gcc/4.7.1/lib64]
  collapse dir [/usr/lib/gcc/x86_64-redhat-linux/4.1.2] ==> [/usr/lib/gcc/x86_64-redhat-linux/4.1.2]
  collapse dir [/usr/lib/gcc/x86_64-redhat-linux/4.1.2] ==> [/usr/lib/gcc/x86_64-redhat-linux/4.1.2]
  collapse dir [/usr/lib/gcc/x86_64-redhat-linux/4.1.2/../../../../lib64] ==> [/usr/lib64]
  collapse dir [/lib/../lib64] ==> [/lib64]
  collapse dir [/usr/lib/../lib64] ==> [/usr/lib64]
  implicit libs: [c]
  implicit dirs: [/apps/gcc/4.7.1/lib64;/usr/lib/gcc/x86_64-redhat-linux/4.1.2;/usr/lib64;/lib64]


Determining if the CXX compiler works passed with the following output:
Change Dir: /home/yus08002/Codes/MobileSensingSim/build/CMakeFiles/CMakeTmp

Run Build Command:/usr/bin/gmake "cmTryCompileExec3938317468/fast"
/usr/bin/gmake -f CMakeFiles/cmTryCompileExec3938317468.dir/build.make CMakeFiles/cmTryCompileExec3938317468.dir/build
gmake[1]: Entering directory `/home/yus08002/Codes/MobileSensingSim/build/CMakeFiles/CMakeTmp'
/gpfs/gpfs1/apps/cmake/2.8.8/bin/cmake -E cmake_progress_report /home/yus08002/Codes/MobileSensingSim/build/CMakeFiles/CMakeTmp/CMakeFiles 1
Building CXX object CMakeFiles/cmTryCompileExec3938317468.dir/testCXXCompiler.cxx.o
/usr/bin/c++     -o CMakeFiles/cmTryCompileExec3938317468.dir/testCXXCompiler.cxx.o -c /home/yus08002/Codes/MobileSensingSim/build/CMakeFiles/CMakeTmp/testCXXCompiler.cxx
Linking CXX executable cmTryCompileExec3938317468
/gpfs/gpfs1/apps/cmake/2.8.8/bin/cmake -E cmake_link_script CMakeFiles/cmTryCompileExec3938317468.dir/link.txt --verbose=1
/usr/bin/c++          CMakeFiles/cmTryCompileExec3938317468.dir/testCXXCompiler.cxx.o  -o cmTryCompileExec3938317468 -rdynamic 
gmake[1]: Leaving directory `/home/yus08002/Codes/MobileSensingSim/build/CMakeFiles/CMakeTmp'


Detecting CXX compiler ABI info compiled with the following output:
Change Dir: /home/yus08002/Codes/MobileSensingSim/build/CMakeFiles/CMakeTmp

Run Build Command:/usr/bin/gmake "cmTryCompileExec3517964646/fast"
/usr/bin/gmake -f CMakeFiles/cmTryCompileExec3517964646.dir/build.make CMakeFiles/cmTryCompileExec3517964646.dir/build
gmake[1]: Entering directory `/home/yus08002/Codes/MobileSensingSim/build/CMakeFiles/CMakeTmp'
/gpfs/gpfs1/apps/cmake/2.8.8/bin/cmake -E cmake_progress_report /home/yus08002/Codes/MobileSensingSim/build/CMakeFiles/CMakeTmp/CMakeFiles 1
Building CXX object CMakeFiles/cmTryCompileExec3517964646.dir/CMakeCXXCompilerABI.cpp.o
/usr/bin/c++     -o CMakeFiles/cmTryCompileExec3517964646.dir/CMakeCXXCompilerABI.cpp.o -c /gpfs/gpfs1/apps/cmake/2.8.8/share/cmake-2.8/Modules/CMakeCXXCompilerABI.cpp
Linking CXX executable cmTryCompileExec3517964646
/gpfs/gpfs1/apps/cmake/2.8.8/bin/cmake -E cmake_link_script CMakeFiles/cmTryCompileExec3517964646.dir/link.txt --verbose=1
/usr/bin/c++        -v CMakeFiles/cmTryCompileExec3517964646.dir/CMakeCXXCompilerABI.cpp.o  -o cmTryCompileExec3517964646 -rdynamic  
Using built-in specs.
Target: x86_64-redhat-linux
Configured with: ../configure --prefix=/usr --mandir=/usr/share/man --infodir=/usr/share/info --enable-shared --enable-threads=posix --enable-checking=release --with-system-zlib --enable-__cxa_atexit --disable-libunwind-exceptions --enable-libgcj-multifile --enable-languages=c,c++,objc,obj-c++,java,fortran,ada --enable-java-awt=gtk --disable-dssi --disable-plugin --with-java-home=/usr/lib/jvm/java-1.4.2-gcj-1.4.2.0/jre --with-cpu=generic --host=x86_64-redhat-linux
Thread model: posix
gcc version 4.1.2 20080704 (Red Hat 4.1.2-54)
 /usr/libexec/gcc/x86_64-redhat-linux/4.1.2/collect2 --eh-frame-hdr -m elf_x86_64 --hash-style=gnu -export-dynamic -dynamic-linker /lib64/ld-linux-x86-64.so.2 -o cmTryCompileExec3517964646 /usr/lib/gcc/x86_64-redhat-linux/4.1.2/../../../../lib64/crt1.o /usr/lib/gcc/x86_64-redhat-linux/4.1.2/../../../../lib64/crti.o /usr/lib/gcc/x86_64-redhat-linux/4.1.2/crtbegin.o -L/apps/gcc/4.7.1/lib/../lib64 -L/apps/gcc/4.7.1/lib64/../lib64 -L/usr/lib/gcc/x86_64-redhat-linux/4.1.2 -L/usr/lib/gcc/x86_64-redhat-linux/4.1.2 -L/usr/lib/gcc/x86_64-redhat-linux/4.1.2/../../../../lib64 -L/lib/../lib64 -L/usr/lib/../lib64 CMakeFiles/cmTryCompileExec3517964646.dir/CMakeCXXCompilerABI.cpp.o -lstdc++ -lm -lgcc_s -lgcc -lc -lgcc_s -lgcc /usr/lib/gcc/x86_64-redhat-linux/4.1.2/crtend.o /usr/lib/gcc/x86_64-redhat-linux/4.1.2/../../../../lib64/crtn.o
gmake[1]: Leaving directory `/home/yus08002/Codes/MobileSensingSim/build/CMakeFiles/CMakeTmp'


Parsed CXX implicit link information from above output:
  link line regex: [^( *|.*[/\])(ld|ld|collect2)[^/\]*( |$)]
  ignore line: [Change Dir: /home/yus08002/Codes/MobileSensingSim/build/CMakeFiles/CMakeTmp]
  ignore line: []
  ignore line: [Run Build Command:/usr/bin/gmake "cmTryCompileExec3517964646/fast"]
  ignore line: [/usr/bin/gmake -f CMakeFiles/cmTryCompileExec3517964646.dir/build.make CMakeFiles/cmTryCompileExec3517964646.dir/build]
  ignore line: [gmake[1]: Entering directory `/home/yus08002/Codes/MobileSensingSim/build/CMakeFiles/CMakeTmp']
  ignore line: [/gpfs/gpfs1/apps/cmake/2.8.8/bin/cmake -E cmake_progress_report /home/yus08002/Codes/MobileSensingSim/build/CMakeFiles/CMakeTmp/CMakeFiles 1]
  ignore line: [Building CXX object CMakeFiles/cmTryCompileExec3517964646.dir/CMakeCXXCompilerABI.cpp.o]
  ignore line: [/usr/bin/c++     -o CMakeFiles/cmTryCompileExec3517964646.dir/CMakeCXXCompilerABI.cpp.o -c /gpfs/gpfs1/apps/cmake/2.8.8/share/cmake-2.8/Modules/CMakeCXXCompilerABI.cpp]
  ignore line: [Linking CXX executable cmTryCompileExec3517964646]
  ignore line: [/gpfs/gpfs1/apps/cmake/2.8.8/bin/cmake -E cmake_link_script CMakeFiles/cmTryCompileExec3517964646.dir/link.txt --verbose=1]
  ignore line: [/usr/bin/c++        -v CMakeFiles/cmTryCompileExec3517964646.dir/CMakeCXXCompilerABI.cpp.o  -o cmTryCompileExec3517964646 -rdynamic  ]
  ignore line: [Using built-in specs.]
  ignore line: [Target: x86_64-redhat-linux]
  ignore line: [Configured with: ../configure --prefix=/usr --mandir=/usr/share/man --infodir=/usr/share/info --enable-shared --enable-threads=posix --enable-checking=release --with-system-zlib --enable-__cxa_atexit --disable-libunwind-exceptions --enable-libgcj-multifile --enable-languages=c,c++,objc,obj-c++,java,fortran,ada --enable-java-awt=gtk --disable-dssi --disable-plugin --with-java-home=/usr/lib/jvm/java-1.4.2-gcj-1.4.2.0/jre --with-cpu=generic --host=x86_64-redhat-linux]
  ignore line: [Thread model: posix]
  ignore line: [gcc version 4.1.2 20080704 (Red Hat 4.1.2-54)]
  link line: [ /usr/libexec/gcc/x86_64-redhat-linux/4.1.2/collect2 --eh-frame-hdr -m elf_x86_64 --hash-style=gnu -export-dynamic -dynamic-linker /lib64/ld-linux-x86-64.so.2 -o cmTryCompileExec3517964646 /usr/lib/gcc/x86_64-redhat-linux/4.1.2/../../../../lib64/crt1.o /usr/lib/gcc/x86_64-redhat-linux/4.1.2/../../../../lib64/crti.o /usr/lib/gcc/x86_64-redhat-linux/4.1.2/crtbegin.o -L/apps/gcc/4.7.1/lib/../lib64 -L/apps/gcc/4.7.1/lib64/../lib64 -L/usr/lib/gcc/x86_64-redhat-linux/4.1.2 -L/usr/lib/gcc/x86_64-redhat-linux/4.1.2 -L/usr/lib/gcc/x86_64-redhat-linux/4.1.2/../../../../lib64 -L/lib/../lib64 -L/usr/lib/../lib64 CMakeFiles/cmTryCompileExec3517964646.dir/CMakeCXXCompilerABI.cpp.o -lstdc++ -lm -lgcc_s -lgcc -lc -lgcc_s -lgcc /usr/lib/gcc/x86_64-redhat-linux/4.1.2/crtend.o /usr/lib/gcc/x86_64-redhat-linux/4.1.2/../../../../lib64/crtn.o]
    arg [/usr/libexec/gcc/x86_64-redhat-linux/4.1.2/collect2] ==> ignore
    arg [--eh-frame-hdr] ==> ignore
    arg [-m] ==> ignore
    arg [elf_x86_64] ==> ignore
    arg [--hash-style=gnu] ==> ignore
    arg [-export-dynamic] ==> ignore
    arg [-dynamic-linker] ==> ignore
    arg [/lib64/ld-linux-x86-64.so.2] ==> ignore
    arg [-o] ==> ignore
    arg [cmTryCompileExec3517964646] ==> ignore
    arg [/usr/lib/gcc/x86_64-redhat-linux/4.1.2/../../../../lib64/crt1.o] ==> ignore
    arg [/usr/lib/gcc/x86_64-redhat-linux/4.1.2/../../../../lib64/crti.o] ==> ignore
    arg [/usr/lib/gcc/x86_64-redhat-linux/4.1.2/crtbegin.o] ==> ignore
    arg [-L/apps/gcc/4.7.1/lib/../lib64] ==> dir [/apps/gcc/4.7.1/lib/../lib64]
    arg [-L/apps/gcc/4.7.1/lib64/../lib64] ==> dir [/apps/gcc/4.7.1/lib64/../lib64]
    arg [-L/usr/lib/gcc/x86_64-redhat-linux/4.1.2] ==> dir [/usr/lib/gcc/x86_64-redhat-linux/4.1.2]
    arg [-L/usr/lib/gcc/x86_64-redhat-linux/4.1.2] ==> dir [/usr/lib/gcc/x86_64-redhat-linux/4.1.2]
    arg [-L/usr/lib/gcc/x86_64-redhat-linux/4.1.2/../../../../lib64] ==> dir [/usr/lib/gcc/x86_64-redhat-linux/4.1.2/../../../../lib64]
    arg [-L/lib/../lib64] ==> dir [/lib/../lib64]
    arg [-L/usr/lib/../lib64] ==> dir [/usr/lib/../lib64]
    arg [CMakeFiles/cmTryCompileExec3517964646.dir/CMakeCXXCompilerABI.cpp.o] ==> ignore
    arg [-lstdc++] ==> lib [stdc++]
    arg [-lm] ==> lib [m]
    arg [-lgcc_s] ==> lib [gcc_s]
    arg [-lgcc] ==> lib [gcc]
    arg [-lc] ==> lib [c]
    arg [-lgcc_s] ==> lib [gcc_s]
    arg [-lgcc] ==> lib [gcc]
    arg [/usr/lib/gcc/x86_64-redhat-linux/4.1.2/crtend.o] ==> ignore
    arg [/usr/lib/gcc/x86_64-redhat-linux/4.1.2/../../../../lib64/crtn.o] ==> ignore
  remove lib [gcc_s]
  remove lib [gcc]
  remove lib [gcc_s]
  remove lib [gcc]
  collapse dir [/apps/gcc/4.7.1/lib/../lib64] ==> [/apps/gcc/4.7.1/lib64]
  collapse dir [/apps/gcc/4.7.1/lib64/../lib64] ==> [/apps/gcc/4.7.1/lib64]
  collapse dir [/usr/lib/gcc/x86_64-redhat-linux/4.1.2] ==> [/usr/lib/gcc/x86_64-redhat-linux/4.1.2]
  collapse dir [/usr/lib/gcc/x86_64-redhat-linux/4.1.2] ==> [/usr/lib/gcc/x86_64-redhat-linux/4.1.2]
  collapse dir [/usr/lib/gcc/x86_64-redhat-linux/4.1.2/../../../../lib64] ==> [/usr/lib64]
  collapse dir [/lib/../lib64] ==> [/lib64]
  collapse dir [/usr/lib/../lib64] ==> [/usr/lib64]
  implicit libs: [stdc++;m;c]
  implicit dirs: [/apps/gcc/4.7.1/lib64;/usr/lib/gcc/x86_64-redhat-linux/4.1.2;/usr/lib64;/lib64]


